#
# A fatal error has been detected by the Java Runtime Environment:
#
#  SIGSEGV (0xb) at pc=0x0000000102b5c47c, pid=60840, tid=0x0000000000004a03
#
# JRE version: OpenJDK Runtime Environment (8.0_112-b06) (build 1.8.0_112-release-b06)
# Java VM: OpenJDK 64-Bit Server VM (25.112-b06 mixed mode bsd-amd64 compressed oops)
# Problematic frame:
# V  [libjvm.dylib+0x50447c]  SymbolTable::lookup(int, char const*, int, unsigned int)+0x40
#
# Failed to write core dump. Core dumps have been disabled. To enable core dumping, try "ulimit -c unlimited" before starting Java again
#
# If you would like to submit a bug report, please visit:
#   http://bugreport.java.com/bugreport/crash.jsp
#

---------------  T H R E A D  ---------------

Current thread (0x00007feda228f800):  JavaThread "Daemon worker" [_thread_in_vm, id=18947, stack(0x000070000104a000,0x000070000114a000)]

siginfo: si_signo: 11 (SIGSEGV), si_code: 1 (SEGV_MAPERR), si_addr: 0x000000022949bf82

Registers:
RAX=0x00000001031c5000, RBX=0x000000022949bf82, RCX=0x0000000000000018, RDX=0x00007feda27129b9
RSP=0x0000700001140ce0, RBP=0x0000700001140d20, RSI=0x0000000000001f6b, RDI=0x00007feda1c0dfc0
R8 =0x00000000c2591e6a, R9 =0x0000700001140da0, R10=0x000000011baa8eb0, R11=0x00007feda4300000
R12=0x00007feda27129b9, R13=0x0000000000000018, R14=0x0000000000000002, R15=0x0000000000000018
RIP=0x0000000102b5c47c, EFLAGS=0x0000000000010206, ERR=0x0000000000000004
  TRAPNO=0x000000000000000e

Top of Stack: (sp=0x0000700001140ce0)
0x0000700001140ce0:   000000011baa8eb0 00007feda1c0dfc0
0x0000700001140cf0:   c2591e6a01140d20 00007000011413d0
0x0000700001140d00:   0000000000000018 0000000000000018
0x0000700001140d10:   00007feda27129b9 00007feda228f800
0x0000700001140d20:   0000700001140e80 00000001027d3995
0x0000700001140d30:   0000700001140d60 00007feda228f800
0x0000700001140d40:   0000000000000007 00007feda2715c10
0x0000700001140d50:   0000000300000279 c2591e6a0000010c
0x0000700001140d60:   61f8135d6363fbe4 b951efd42ec7ee8d
0x0000700001140d70:   258b960f41b9cef3 abd9b18bb57e1576
0x0000700001140d80:   0000010a00000109 000001040000010b
0x0000700001140d90:   0000010600000105 0000010800000107
0x0000700001140da0:   0000001500000014 0000001c00000018
0x0000700001140db0:   0000001c0000001c 000000130000001c
0x0000700001140dc0:   00007feda271296f 00007feda2712986
0x0000700001140dd0:   00007feda271299e 00007feda27128dd
0x0000700001140de0:   00007feda27128fc 00007feda271291b
0x0000700001140df0:   00007feda271293a 00007feda2712959
0x0000700001140e00:   00007feda2712210 00007feda2715c02
0x0000700001140e10:   00007feda27129d1 00007feda1c0fe50
0x0000700001140e20:   0000700001140e00 000000011baa8eb0
0x0000700001140e30:   00007feda228f800 000000011baa8eb0
0x0000700001140e40:   0000000000000279 00007feda1c0dec0
0x0000700001140e50:   000000011baa8eb0 00007000011413d0
0x0000700001140e60:   00007feda2715c10 0000000000000001
0x0000700001140e70:   00007feda228f800 00007feda4921d20
0x0000700001140e80:   0000700001141020 00000001027dd3b5
0x0000700001140e90:   00007feda2715c10 00007000011412b0
0x0000700001140ea0:   0000027901140ed0 0000000102a8e599
0x0000700001140eb0:   000000011baa8eb0 00007feda228f800
0x0000700001140ec0:   00007feda228f800 00000007c0490ef0
0x0000700001140ed0:   00000009b7a86864 00007feda228f800 

Instructions: (pc=0x0000000102b5c47c)
0x0000000102b5c45c:   89 45 d4 41 89 cf 49 89 d4 48 89 7d c8 eb 37 4c
0x0000000102b5c46c:   89 ef e8 17 eb ff ff 4c 89 e8 eb 40 44 8b 45 d4
0x0000000102b5c47c:   44 39 03 75 16 4c 8b 6b 10 4c 89 ef 4c 89 e6 44
0x0000000102b5c48c:   89 fa e8 bb e9 ff ff 84 c0 75 d4 41 ff c6 48 8b 

Register to memory mapping:

RAX=0x00000001031c5000 is an unknown value
RBX=0x000000022949bf82 is an unknown value
RCX=0x0000000000000018 is an unknown value
RDX=0x00007feda27129b9 is an unknown value
RSP=0x0000700001140ce0 is pointing into the stack for thread: 0x00007feda228f800
RBP=0x0000700001140d20 is pointing into the stack for thread: 0x00007feda228f800
RSI=0x0000000000001f6b is an unknown value
RDI=0x00007feda1c0dfc0 is an unknown value
R8 =0x00000000c2591e6a is an unknown value
R9 =0x0000700001140da0 is pointing into the stack for thread: 0x00007feda228f800
R10=0x000000011baa8eb0 is pointing into metadata
R11=0x00007feda4300000 is an unknown value
R12=0x00007feda27129b9 is an unknown value
R13=0x0000000000000018 is an unknown value
R14=0x0000000000000002 is an unknown value
R15=0x0000000000000018 is an unknown value


Stack: [0x000070000104a000,0x000070000114a000],  sp=0x0000700001140ce0,  free space=987k
Native frames: (J=compiled Java code, j=interpreted, Vv=VM code, C=native code)
V  [libjvm.dylib+0x50447c]  SymbolTable::lookup(int, char const*, int, unsigned int)+0x40
V  [libjvm.dylib+0x17b995]  ClassFileParser::parse_constant_pool_entries(int, Thread*)+0x7f1
V  [libjvm.dylib+0x1853b5]  ClassFileParser::parse_constant_pool(Thread*)+0x129
V  [libjvm.dylib+0x1867a0]  ClassFileParser::parseClassFile(Symbol*, ClassLoaderData*, Handle, KlassHandle, GrowableArray<Handle>*, TempNewSymbol&, bool, Thread*)+0x68c
V  [libjvm.dylib+0x1894be]  ClassLoader::load_classfile(Symbol*, Thread*)+0x200
V  [libjvm.dylib+0x50b7a9]  SystemDictionary::load_instance_class(Symbol*, Handle, Thread*)+0xf3
V  [libjvm.dylib+0x50b165]  SystemDictionary::resolve_instance_class_or_null(Symbol*, Handle, Handle, Thread*)+0x455
V  [libjvm.dylib+0x50bbaa]  SystemDictionary::resolve_or_null(Symbol*, Handle, Handle, Thread*)+0x106
V  [libjvm.dylib+0x50c1e1]  SystemDictionary::resolve_or_fail(Symbol*, Handle, Handle, bool, Thread*)+0x31
V  [libjvm.dylib+0x1dd6da]  ConstantPool::klass_at_impl(constantPoolHandle, int, Thread*)+0x2ee
V  [libjvm.dylib+0x1edaaa]  ConstantPool::klass_at(int, Thread*)+0x92
V  [libjvm.dylib+0x2db7b8]  InterpreterRuntime::anewarray(JavaThread*, ConstantPool*, int, int)+0x30
j  sun.security.pkcs.PKCS7.parseSignedData(Lsun/security/util/DerValue;)V+26
j  sun.security.pkcs.PKCS7.parse(Lsun/security/util/DerInputStream;Z)V+47
j  sun.security.pkcs.PKCS7.parse(Lsun/security/util/DerInputStream;)V+11
j  sun.security.pkcs.PKCS7.<init>([B)V+50
j  sun.security.util.SignatureFileVerifier.<init>(Ljava/util/ArrayList;Lsun/security/util/ManifestDigester;Ljava/lang/String;[B)V+29
j  java.util.jar.JarVerifier.processEntry(Lsun/security/util/ManifestEntryVerifier;)V+311
j  java.util.jar.JarVerifier.update(I[BIILsun/security/util/ManifestEntryVerifier;)V+39
j  java.util.jar.JarFile.initializeVerifier()V+143
J 502 C1 java.util.jar.JarFile.getInputStream(Ljava/util/zip/ZipEntry;)Ljava/io/InputStream; (89 bytes) @ 0x000000010384abdc [0x000000010384a9e0+0x1fc]
J 510 C1 sun.misc.URLClassPath$JarLoader$2.getInputStream()Ljava/io/InputStream; (15 bytes) @ 0x000000010384daa4 [0x000000010384d980+0x124]
J 2823 C1 sun.misc.Resource.getByteBuffer()Ljava/nio/ByteBuffer; (24 bytes) @ 0x0000000103edc3ac [0x0000000103edc260+0x14c]
J 2919 C2 java.net.URLClassLoader$1.run()Ljava/lang/Class; (63 bytes) @ 0x0000000103fff7c0 [0x0000000103ffccc0+0x2b00]
J 2918 C2 java.net.URLClassLoader$1.run()Ljava/lang/Object; (5 bytes) @ 0x000000010403c9d4 [0x000000010403c9a0+0x34]
v  ~StubRoutines::call_stub
V  [libjvm.dylib+0x2df89a]  JavaCalls::call_helper(JavaValue*, methodHandle*, JavaCallArguments*, Thread*)+0x6ae
V  [libjvm.dylib+0x323310]  JVM_DoPrivileged+0x4b8
J 257  java.security.AccessController.doPrivileged(Ljava/security/PrivilegedExceptionAction;Ljava/security/AccessControlContext;)Ljava/lang/Object; (0 bytes) @ 0x0000000103793855 [0x0000000103793780+0xd5]
J 1201 C2 java.net.URLClassLoader.findClass(Ljava/lang/String;)Ljava/lang/Class; (47 bytes) @ 0x000000010379f9bc [0x000000010379f920+0x9c]
J 1667 C2 java.lang.ClassLoader.loadClass(Ljava/lang/String;Z)Ljava/lang/Class; (122 bytes) @ 0x0000000103bcdf44 [0x0000000103bcdb40+0x404]
J 311 C1 java.lang.ClassLoader.loadClass(Ljava/lang/String;)Ljava/lang/Class; (7 bytes) @ 0x00000001037ae984 [0x00000001037ae880+0x104]
v  ~StubRoutines::call_stub
V  [libjvm.dylib+0x2df89a]  JavaCalls::call_helper(JavaValue*, methodHandle*, JavaCallArguments*, Thread*)+0x6ae
V  [libjvm.dylib+0x2e0028]  JavaCalls::call_virtual(JavaValue*, KlassHandle, Symbol*, Symbol*, JavaCallArguments*, Thread*)+0x164
V  [libjvm.dylib+0x2e0180]  JavaCalls::call_virtual(JavaValue*, Handle, KlassHandle, Symbol*, Symbol*, Handle, Thread*)+0x56
V  [libjvm.dylib+0x50b98e]  SystemDictionary::load_instance_class(Symbol*, Handle, Thread*)+0x2d8
V  [libjvm.dylib+0x50b165]  SystemDictionary::resolve_instance_class_or_null(Symbol*, Handle, Handle, Thread*)+0x455
V  [libjvm.dylib+0x50bbaa]  SystemDictionary::resolve_or_null(Symbol*, Handle, Handle, Thread*)+0x106
V  [libjvm.dylib+0x50c1e1]  SystemDictionary::resolve_or_fail(Symbol*, Handle, Handle, bool, Thread*)+0x31
V  [libjvm.dylib+0x5551c0]  VerificationType::is_reference_assignable_from(VerificationType const&, ClassVerifier*, bool, Thread*) const+0x1c0
V  [libjvm.dylib+0x4d8e9b]  VerificationType::is_assignable_from(VerificationType const&, ClassVerifier*, bool, Thread*) const+0x13f
V  [libjvm.dylib+0x557cdd]  ClassVerifier::verify_exception_handler_table(unsigned int, char*, int&, int&, Thread*)+0x291
V  [libjvm.dylib+0x55cbd9]  ClassVerifier::verify_method(methodHandle, Thread*)+0x43d
V  [libjvm.dylib+0x5744fa]  ClassVerifier::verify_class(Thread*)+0xbe
V  [libjvm.dylib+0x575156]  Verifier::verify(instanceKlassHandle, Verifier::Mode, bool, Thread*)+0x110
V  [libjvm.dylib+0x2b3791]  InstanceKlass::link_class_impl(instanceKlassHandle, bool, Thread*)+0x397
V  [libjvm.dylib+0x2b39a1]  InstanceKlass::link_class(Thread*)+0x3b
V  [libjvm.dylib+0x2b39d9]  InstanceKlass::initialize_impl(instanceKlassHandle, Thread*)+0x25
V  [libjvm.dylib+0x2b40ff]  InstanceKlass::initialize(Thread*)+0x3d
V  [libjvm.dylib+0x3a2aa2]  LinkResolver::resolve_static_call(CallInfo&, KlassHandle&, Symbol*, Symbol*, KlassHandle, bool, bool, Thread*)+0x9c
V  [libjvm.dylib+0x3a2cb6]  LinkResolver::resolve_invokestatic(CallInfo&, constantPoolHandle, int, Thread*)+0x102
V  [libjvm.dylib+0x3a2d77]  LinkResolver::resolve_invoke(CallInfo&, Handle, constantPoolHandle, int, Bytecodes::Code, Thread*)+0xb3
V  [libjvm.dylib+0x2da03d]  InterpreterRuntime::resolve_invoke(JavaThread*, Bytecodes::Code)+0x371
j  com.android.build.gradle.internal.dsl.SigningConfigFactory.create(Ljava/lang/String;)Lcom/android/build/gradle/internal/dsl/SigningConfig;+37
j  com.android.build.gradle.internal.dsl.SigningConfigFactory.create(Ljava/lang/String;)Ljava/lang/Object;+2
j  org.gradle.api.internal.FactoryNamedDomainObjectContainer.doCreate(Ljava/lang/String;)Ljava/lang/Object;+5
j  org.gradle.api.internal.AbstractNamedDomainObjectContainer.create(Ljava/lang/String;Lorg/gradle/api/Action;)Ljava/lang/Object;+7
j  org.gradle.api.internal.AbstractNamedDomainObjectContainer.create(Ljava/lang/String;)Ljava/lang/Object;+5
j  com.android.build.gradle.internal.variant.ApplicationVariantFactory.createDefaultComponents(Lorg/gradle/api/NamedDomainObjectContainer;Lorg/gradle/api/NamedDomainObjectContainer;Lorg/gradle/api/NamedDomainObjectContainer;)V+3
j  com.android.build.gradle.BasePlugin.configureExtension()V+530
j  com.android.build.gradle.BasePlugin$$Lambda$34.call()V+4
j  com.android.builder.profile.ThreadRecorder.record(Lcom/google/wireless/android/sdk/stats/GradleBuildProfileSpan$ExecutionType;Ljava/lang/String;Ljava/lang/String;Lcom/android/builder/profile/Recorder$VoidBlock;)V+17
j  com.android.build.gradle.BasePlugin.apply(Lorg/gradle/api/Project;)V+105
j  com.android.build.gradle.AppPlugin.apply(Lorg/gradle/api/Project;)V+2
j  com.android.build.gradle.AppPlugin.apply(Ljava/lang/Object;)V+5
j  org.gradle.api.internal.plugins.ImperativeOnlyPluginApplicator.applyImperative(Ljava/lang/String;Lorg/gradle/api/Plugin;)V+13
j  org.gradle.api.internal.plugins.RuleBasedPluginApplicator.applyImperative(Ljava/lang/String;Lorg/gradle/api/Plugin;)V+6
j  org.gradle.api.internal.plugins.DefaultPluginManager.doApply(Lorg/gradle/api/internal/plugins/PluginImplementation;)V+176
j  org.gradle.api.internal.plugins.DefaultPluginManager.apply(Ljava/lang/String;)V+52
j  org.gradle.api.internal.plugins.DefaultObjectConfigurationAction.applyType(Ljava/lang/String;)V+43
j  org.gradle.api.internal.plugins.DefaultObjectConfigurationAction.access$200(Lorg/gradle/api/internal/plugins/DefaultObjectConfigurationAction;Ljava/lang/String;)V+2
j  org.gradle.api.internal.plugins.DefaultObjectConfigurationAction$3.run()V+8
j  org.gradle.api.internal.plugins.DefaultObjectConfigurationAction.execute()V+58
j  org.gradle.api.internal.project.AbstractPluginAware.apply(Ljava/util/Map;)V+12
j  org.gradle.api.internal.project.ProjectScript.apply(Ljava/util/Map;)V+5
j  org.gradle.api.Script$apply$0.callCurrent(Lgroovy/lang/GroovyObject;[Ljava/lang/Object;)Ljava/lang/Object;+19
j  org.codehaus.groovy.runtime.callsite.CallSiteArray.defaultCallCurrent(Lorg/codehaus/groovy/runtime/callsite/CallSite;Lgroovy/lang/GroovyObject;[Ljava/lang/Object;)Ljava/lang/Object;+17
j  org.codehaus.groovy.runtime.callsite.AbstractCallSite.callCurrent(Lgroovy/lang/GroovyObject;[Ljava/lang/Object;)Ljava/lang/Object;+3
j  org.codehaus.groovy.runtime.callsite.AbstractCallSite.callCurrent(Lgroovy/lang/GroovyObject;Ljava/lang/Object;)Ljava/lang/Object;+33
j  build_6nfg2cdnh4lju2qaz6t3p1r52.run()Ljava/lang/Object;+26
j  org.gradle.groovy.scripts.internal.DefaultScriptRunnerFactory$ScriptRunnerImpl.run(Ljava/lang/Object;Lorg/gradle/internal/service/ServiceRegistry;)V+57
j  org.gradle.configuration.DefaultScriptPluginFactory$ScriptPluginImpl$2.run()V+12
j  org.gradle.configuration.ProjectScriptTarget.addConfiguration(Ljava/lang/Runnable;Z)V+18
j  org.gradle.configuration.DefaultScriptPluginFactory$ScriptPluginImpl.apply(Ljava/lang/Object;)V+541
j  org.gradle.configuration.project.BuildScriptProcessor.execute(Lorg/gradle/api/internal/project/ProjectInternal;)V+63
j  org.gradle.configuration.project.BuildScriptProcessor.execute(Ljava/lang/Object;)V+5
j  org.gradle.configuration.project.ConfigureActionsProjectEvaluator.evaluate(Lorg/gradle/api/internal/project/ProjectInternal;Lorg/gradle/api/internal/project/ProjectStateInternal;)V+33
j  org.gradle.configuration.project.LifecycleProjectEvaluator.doConfigure(Lorg/gradle/api/internal/project/ProjectInternal;Lorg/gradle/api/internal/project/ProjectStateInternal;)V+39
j  org.gradle.configuration.project.LifecycleProjectEvaluator.access$000(Lorg/gradle/configuration/project/LifecycleProjectEvaluator;Lorg/gradle/api/internal/project/ProjectInternal;Lorg/gradle/api/internal/project/ProjectStateInternal;)V+3
j  org.gradle.configuration.project.LifecycleProjectEvaluator$1.execute(Lorg/gradle/internal/operations/BuildOperationContext;)V+12
j  org.gradle.configuration.project.LifecycleProjectEvaluator$1.execute(Ljava/lang/Object;)V+5
j  org.gradle.internal.Transformers$4.transform(Ljava/lang/Object;)Ljava/lang/Object;+5
j  org.gradle.internal.progress.DefaultBuildOperationExecutor.run(Lorg/gradle/internal/progress/BuildOperationDetails;Lorg/gradle/api/Transformer;)Ljava/lang/Object;+276
j  org.gradle.internal.progress.DefaultBuildOperationExecutor.run(Lorg/gradle/internal/progress/BuildOperationDetails;Lorg/gradle/api/Action;)V+6
j  org.gradle.configuration.project.LifecycleProjectEvaluator.evaluate(Lorg/gradle/api/internal/project/ProjectInternal;Lorg/gradle/api/internal/project/ProjectStateInternal;)V+89
j  org.gradle.api.internal.project.DefaultProject.evaluate()Lorg/gradle/api/internal/project/DefaultProject;+9
j  org.gradle.api.internal.project.DefaultProject.evaluate()Lorg/gradle/api/Project;+1
j  org.gradle.execution.TaskPathProjectEvaluator.configure(Lorg/gradle/api/internal/project/ProjectInternal;)V+21
j  org.gradle.execution.TaskSelector.getSelection(Ljava/lang/String;Lorg/gradle/api/internal/project/ProjectInternal;)Lorg/gradle/execution/TaskSelector$TaskSelection;+29
...<more frames>...

Java frames: (J=compiled Java code, j=interpreted, Vv=VM code)
j  sun.security.pkcs.PKCS7.parseSignedData(Lsun/security/util/DerValue;)V+26
j  sun.security.pkcs.PKCS7.parse(Lsun/security/util/DerInputStream;Z)V+47
j  sun.security.pkcs.PKCS7.parse(Lsun/security/util/DerInputStream;)V+11
j  sun.security.pkcs.PKCS7.<init>([B)V+50
j  sun.security.util.SignatureFileVerifier.<init>(Ljava/util/ArrayList;Lsun/security/util/ManifestDigester;Ljava/lang/String;[B)V+29
j  java.util.jar.JarVerifier.processEntry(Lsun/security/util/ManifestEntryVerifier;)V+311
j  java.util.jar.JarVerifier.update(I[BIILsun/security/util/ManifestEntryVerifier;)V+39
j  java.util.jar.JarFile.initializeVerifier()V+143
J 502 C1 java.util.jar.JarFile.getInputStream(Ljava/util/zip/ZipEntry;)Ljava/io/InputStream; (89 bytes) @ 0x000000010384abdc [0x000000010384a9e0+0x1fc]
J 510 C1 sun.misc.URLClassPath$JarLoader$2.getInputStream()Ljava/io/InputStream; (15 bytes) @ 0x000000010384daa4 [0x000000010384d980+0x124]
J 2823 C1 sun.misc.Resource.getByteBuffer()Ljava/nio/ByteBuffer; (24 bytes) @ 0x0000000103edc3ac [0x0000000103edc260+0x14c]
J 2919 C2 java.net.URLClassLoader$1.run()Ljava/lang/Class; (63 bytes) @ 0x0000000103fff7c0 [0x0000000103ffccc0+0x2b00]
J 2918 C2 java.net.URLClassLoader$1.run()Ljava/lang/Object; (5 bytes) @ 0x000000010403c9d4 [0x000000010403c9a0+0x34]
v  ~StubRoutines::call_stub
J 257  java.security.AccessController.doPrivileged(Ljava/security/PrivilegedExceptionAction;Ljava/security/AccessControlContext;)Ljava/lang/Object; (0 bytes) @ 0x00000001037937e3 [0x0000000103793780+0x63]
J 1201 C2 java.net.URLClassLoader.findClass(Ljava/lang/String;)Ljava/lang/Class; (47 bytes) @ 0x000000010379f9bc [0x000000010379f920+0x9c]
J 1667 C2 java.lang.ClassLoader.loadClass(Ljava/lang/String;Z)Ljava/lang/Class; (122 bytes) @ 0x0000000103bcdf44 [0x0000000103bcdb40+0x404]
J 311 C1 java.lang.ClassLoader.loadClass(Ljava/lang/String;)Ljava/lang/Class; (7 bytes) @ 0x00000001037ae984 [0x00000001037ae880+0x104]
v  ~StubRoutines::call_stub
j  com.android.build.gradle.internal.dsl.SigningConfigFactory.create(Ljava/lang/String;)Lcom/android/build/gradle/internal/dsl/SigningConfig;+37
j  com.android.build.gradle.internal.dsl.SigningConfigFactory.create(Ljava/lang/String;)Ljava/lang/Object;+2
j  org.gradle.api.internal.FactoryNamedDomainObjectContainer.doCreate(Ljava/lang/String;)Ljava/lang/Object;+5
j  org.gradle.api.internal.AbstractNamedDomainObjectContainer.create(Ljava/lang/String;Lorg/gradle/api/Action;)Ljava/lang/Object;+7
j  org.gradle.api.internal.AbstractNamedDomainObjectContainer.create(Ljava/lang/String;)Ljava/lang/Object;+5
j  com.android.build.gradle.internal.variant.ApplicationVariantFactory.createDefaultComponents(Lorg/gradle/api/NamedDomainObjectContainer;Lorg/gradle/api/NamedDomainObjectContainer;Lorg/gradle/api/NamedDomainObjectContainer;)V+3
j  com.android.build.gradle.BasePlugin.configureExtension()V+530
j  com.android.build.gradle.BasePlugin$$Lambda$34.call()V+4
j  com.android.builder.profile.ThreadRecorder.record(Lcom/google/wireless/android/sdk/stats/GradleBuildProfileSpan$ExecutionType;Ljava/lang/String;Ljava/lang/String;Lcom/android/builder/profile/Recorder$VoidBlock;)V+17
j  com.android.build.gradle.BasePlugin.apply(Lorg/gradle/api/Project;)V+105
j  com.android.build.gradle.AppPlugin.apply(Lorg/gradle/api/Project;)V+2
j  com.android.build.gradle.AppPlugin.apply(Ljava/lang/Object;)V+5
j  org.gradle.api.internal.plugins.ImperativeOnlyPluginApplicator.applyImperative(Ljava/lang/String;Lorg/gradle/api/Plugin;)V+13
j  org.gradle.api.internal.plugins.RuleBasedPluginApplicator.applyImperative(Ljava/lang/String;Lorg/gradle/api/Plugin;)V+6
j  org.gradle.api.internal.plugins.DefaultPluginManager.doApply(Lorg/gradle/api/internal/plugins/PluginImplementation;)V+176
j  org.gradle.api.internal.plugins.DefaultPluginManager.apply(Ljava/lang/String;)V+52
j  org.gradle.api.internal.plugins.DefaultObjectConfigurationAction.applyType(Ljava/lang/String;)V+43
j  org.gradle.api.internal.plugins.DefaultObjectConfigurationAction.access$200(Lorg/gradle/api/internal/plugins/DefaultObjectConfigurationAction;Ljava/lang/String;)V+2
j  org.gradle.api.internal.plugins.DefaultObjectConfigurationAction$3.run()V+8
j  org.gradle.api.internal.plugins.DefaultObjectConfigurationAction.execute()V+58
j  org.gradle.api.internal.project.AbstractPluginAware.apply(Ljava/util/Map;)V+12
j  org.gradle.api.internal.project.ProjectScript.apply(Ljava/util/Map;)V+5
j  org.gradle.api.Script$apply$0.callCurrent(Lgroovy/lang/GroovyObject;[Ljava/lang/Object;)Ljava/lang/Object;+19
j  org.codehaus.groovy.runtime.callsite.CallSiteArray.defaultCallCurrent(Lorg/codehaus/groovy/runtime/callsite/CallSite;Lgroovy/lang/GroovyObject;[Ljava/lang/Object;)Ljava/lang/Object;+17
j  org.codehaus.groovy.runtime.callsite.AbstractCallSite.callCurrent(Lgroovy/lang/GroovyObject;[Ljava/lang/Object;)Ljava/lang/Object;+3
j  org.codehaus.groovy.runtime.callsite.AbstractCallSite.callCurrent(Lgroovy/lang/GroovyObject;Ljava/lang/Object;)Ljava/lang/Object;+33
j  build_6nfg2cdnh4lju2qaz6t3p1r52.run()Ljava/lang/Object;+26
j  org.gradle.groovy.scripts.internal.DefaultScriptRunnerFactory$ScriptRunnerImpl.run(Ljava/lang/Object;Lorg/gradle/internal/service/ServiceRegistry;)V+57
j  org.gradle.configuration.DefaultScriptPluginFactory$ScriptPluginImpl$2.run()V+12
j  org.gradle.configuration.ProjectScriptTarget.addConfiguration(Ljava/lang/Runnable;Z)V+18
j  org.gradle.configuration.DefaultScriptPluginFactory$ScriptPluginImpl.apply(Ljava/lang/Object;)V+541
j  org.gradle.configuration.project.BuildScriptProcessor.execute(Lorg/gradle/api/internal/project/ProjectInternal;)V+63
j  org.gradle.configuration.project.BuildScriptProcessor.execute(Ljava/lang/Object;)V+5
j  org.gradle.configuration.project.ConfigureActionsProjectEvaluator.evaluate(Lorg/gradle/api/internal/project/ProjectInternal;Lorg/gradle/api/internal/project/ProjectStateInternal;)V+33
j  org.gradle.configuration.project.LifecycleProjectEvaluator.doConfigure(Lorg/gradle/api/internal/project/ProjectInternal;Lorg/gradle/api/internal/project/ProjectStateInternal;)V+39
j  org.gradle.configuration.project.LifecycleProjectEvaluator.access$000(Lorg/gradle/configuration/project/LifecycleProjectEvaluator;Lorg/gradle/api/internal/project/ProjectInternal;Lorg/gradle/api/internal/project/ProjectStateInternal;)V+3
j  org.gradle.configuration.project.LifecycleProjectEvaluator$1.execute(Lorg/gradle/internal/operations/BuildOperationContext;)V+12
j  org.gradle.configuration.project.LifecycleProjectEvaluator$1.execute(Ljava/lang/Object;)V+5
j  org.gradle.internal.Transformers$4.transform(Ljava/lang/Object;)Ljava/lang/Object;+5
j  org.gradle.internal.progress.DefaultBuildOperationExecutor.run(Lorg/gradle/internal/progress/BuildOperationDetails;Lorg/gradle/api/Transformer;)Ljava/lang/Object;+276
j  org.gradle.internal.progress.DefaultBuildOperationExecutor.run(Lorg/gradle/internal/progress/BuildOperationDetails;Lorg/gradle/api/Action;)V+6
j  org.gradle.configuration.project.LifecycleProjectEvaluator.evaluate(Lorg/gradle/api/internal/project/ProjectInternal;Lorg/gradle/api/internal/project/ProjectStateInternal;)V+89
j  org.gradle.api.internal.project.DefaultProject.evaluate()Lorg/gradle/api/internal/project/DefaultProject;+9
j  org.gradle.api.internal.project.DefaultProject.evaluate()Lorg/gradle/api/Project;+1
j  org.gradle.execution.TaskPathProjectEvaluator.configure(Lorg/gradle/api/internal/project/ProjectInternal;)V+21
j  org.gradle.execution.TaskSelector.getSelection(Ljava/lang/String;Lorg/gradle/api/internal/project/ProjectInternal;)Lorg/gradle/execution/TaskSelector$TaskSelection;+29
j  org.gradle.execution.TaskSelector.getSelection(Ljava/lang/String;Ljava/io/File;Ljava/lang/String;)Lorg/gradle/execution/TaskSelector$TaskSelection;+46
j  org.gradle.execution.commandline.CommandLineTaskParser.parseTasks(Lorg/gradle/TaskExecutionRequest;)Ljava/util/List;+57
j  org.gradle.execution.TaskNameResolvingBuildConfigurationAction.configure(Lorg/gradle/execution/BuildExecutionContext;)V+62
j  org.gradle.execution.DefaultBuildConfigurationActionExecuter.configure(Ljava/util/List;Lorg/gradle/api/internal/GradleInternal;I)V+32
j  org.gradle.execution.DefaultBuildConfigurationActionExecuter.access$000(Lorg/gradle/execution/DefaultBuildConfigurationActionExecuter;Ljava/util/List;Lorg/gradle/api/internal/GradleInternal;I)V+4
j  org.gradle.execution.DefaultBuildConfigurationActionExecuter$1.proceed()V+18
j  org.gradle.execution.DefaultTasksBuildExecutionAction.configure(Lorg/gradle/execution/BuildExecutionContext;)V+58
j  org.gradle.execution.DefaultBuildConfigurationActionExecuter.configure(Ljava/util/List;Lorg/gradle/api/internal/GradleInternal;I)V+32
j  org.gradle.execution.DefaultBuildConfigurationActionExecuter.access$000(Lorg/gradle/execution/DefaultBuildConfigurationActionExecuter;Ljava/util/List;Lorg/gradle/api/internal/GradleInternal;I)V+4
j  org.gradle.execution.DefaultBuildConfigurationActionExecuter$1.proceed()V+18
j  org.gradle.execution.ExcludedTaskFilteringBuildConfigurationAction.configure(Lorg/gradle/execution/BuildExecutionContext;)V+102
j  org.gradle.execution.DefaultBuildConfigurationActionExecuter.configure(Ljava/util/List;Lorg/gradle/api/internal/GradleInternal;I)V+32
j  org.gradle.execution.DefaultBuildConfigurationActionExecuter.select(Lorg/gradle/api/internal/GradleInternal;)V+29
j  org.gradle.initialization.DefaultGradleLauncher$2.execute(Lorg/gradle/internal/operations/BuildOperationContext;)V+14
j  org.gradle.initialization.DefaultGradleLauncher$2.execute(Ljava/lang/Object;)V+5
j  org.gradle.internal.Transformers$4.transform(Ljava/lang/Object;)Ljava/lang/Object;+5
j  org.gradle.internal.progress.DefaultBuildOperationExecutor.run(Lorg/gradle/internal/progress/BuildOperationDetails;Lorg/gradle/api/Transformer;)Ljava/lang/Object;+276
j  org.gradle.internal.progress.DefaultBuildOperationExecutor.run(Ljava/lang/String;Lorg/gradle/api/Action;)V+12
j  org.gradle.initialization.DefaultGradleLauncher.doBuildStages(Lorg/gradle/initialization/DefaultGradleLauncher$Stage;)V+135
j  org.gradle.initialization.DefaultGradleLauncher.doBuild(Lorg/gradle/initialization/DefaultGradleLauncher$Stage;)Lorg/gradle/BuildResult;+17
j  org.gradle.initialization.DefaultGradleLauncher.run()Lorg/gradle/BuildResult;+4
j  org.gradle.launcher.exec.GradleBuildController.run()Lorg/gradle/api/internal/GradleInternal;+4
j  org.gradle.tooling.internal.provider.runner.BuildModelActionRunner.run(Lorg/gradle/internal/invocation/BuildAction;Lorg/gradle/internal/invocation/BuildController;)V+48
j  org.gradle.launcher.exec.ChainingBuildActionRunner.run(Lorg/gradle/internal/invocation/BuildAction;Lorg/gradle/internal/invocation/BuildController;)V+34
j  org.gradle.tooling.internal.provider.runner.RunAsBuildOperationBuildActionRunner$1.execute(Lorg/gradle/internal/operations/BuildOperationContext;)V+15
j  org.gradle.tooling.internal.provider.runner.RunAsBuildOperationBuildActionRunner$1.execute(Ljava/lang/Object;)V+5
j  org.gradle.internal.Transformers$4.transform(Ljava/lang/Object;)Ljava/lang/Object;+5
j  org.gradle.internal.progress.DefaultBuildOperationExecutor.run(Lorg/gradle/internal/progress/BuildOperationDetails;Lorg/gradle/api/Transformer;)Ljava/lang/Object;+276
j  org.gradle.internal.progress.DefaultBuildOperationExecutor.run(Ljava/lang/String;Lorg/gradle/api/Action;)V+12
j  org.gradle.tooling.internal.provider.runner.RunAsBuildOperationBuildActionRunner.run(Lorg/gradle/internal/invocation/BuildAction;Lorg/gradle/internal/invocation/BuildController;)V+16
j  org.gradle.tooling.internal.provider.runner.SubscribableBuildActionRunner.run(Lorg/gradle/internal/invocation/BuildAction;Lorg/gradle/internal/invocation/BuildController;)V+38
j  org.gradle.launcher.exec.ChainingBuildActionRunner.run(Lorg/gradle/internal/invocation/BuildAction;Lorg/gradle/internal/invocation/BuildController;)V+34
j  org.gradle.launcher.exec.InProcessBuildActionExecuter.execute(Lorg/gradle/internal/invocation/BuildAction;Lorg/gradle/initialization/BuildRequestContext;Lorg/gradle/launcher/exec/BuildActionParameters;Lorg/gradle/internal/service/ServiceRegistry;)Ljava/lang/Object;+64
j  org.gradle.launcher.exec.InProcessBuildActionExecuter.execute(Lorg/gradle/internal/invocation/BuildAction;Lorg/gradle/initialization/BuildRequestContext;Ljava/lang/Object;Lorg/gradle/internal/service/ServiceRegistry;)Ljava/lang/Object;+9
j  org.gradle.tooling.internal.provider.ContinuousBuildActionExecuter.execute(Lorg/gradle/internal/invocation/BuildAction;Lorg/gradle/initialization/BuildRequestContext;Lorg/gradle/launcher/exec/BuildActionParameters;Lorg/gradle/internal/service/ServiceRegistry;)Ljava/lang/Object;+28
j  org.gradle.tooling.internal.provider.ContinuousBuildActionExecuter.execute(Lorg/gradle/internal/invocation/BuildAction;Lorg/gradle/initialization/BuildRequestContext;Ljava/lang/Object;Lorg/gradle/internal/service/ServiceRegistry;)Ljava/lang/Object;+9
j  org.gradle.tooling.internal.provider.ServicesSetupBuildActionExecuter.execute(Lorg/gradle/internal/invocation/BuildAction;Lorg/gradle/initialization/BuildRequestContext;Lorg/gradle/launcher/exec/BuildActionParameters;Lorg/gradle/internal/service/ServiceRegistry;)Ljava/lang/Object;+52
j  org.gradle.tooling.internal.provider.ServicesSetupBuildActionExecuter.execute(Lorg/gradle/internal/invocation/BuildAction;Lorg/gradle/initialization/BuildRequestContext;Ljava/lang/Object;Lorg/gradle/internal/service/ServiceRegistry;)Ljava/lang/Object;+9
j  org.gradle.launcher.daemon.server.exec.ExecuteBuild.doBuild(Lorg/gradle/launcher/daemon/server/api/DaemonCommandExecution;Lorg/gradle/launcher/daemon/protocol/Build;)V+114
j  org.gradle.launcher.daemon.server.exec.BuildCommandOnly.execute(Lorg/gradle/launcher/daemon/server/api/DaemonCommandExecution;)V+49
j  org.gradle.launcher.daemon.server.api.DaemonCommandExecution.proceed()Z+28
j  org.gradle.launcher.daemon.server.exec.WatchForDisconnection.execute(Lorg/gradle/launcher/daemon/server/api/DaemonCommandExecution;)V+19
j  org.gradle.launcher.daemon.server.api.DaemonCommandExecution.proceed()Z+28
j  org.gradle.launcher.daemon.server.exec.ResetDeprecationLogger.execute(Lorg/gradle/launcher/daemon/server/api/DaemonCommandExecution;)V+4
j  org.gradle.launcher.daemon.server.api.DaemonCommandExecution.proceed()Z+28
j  org.gradle.launcher.daemon.server.exec.RequestStopIfSingleUsedDaemon.execute(Lorg/gradle/launcher/daemon/server/api/DaemonCommandExecution;)V+33
j  org.gradle.launcher.daemon.server.api.DaemonCommandExecution.proceed()Z+28
j  org.gradle.launcher.daemon.server.exec.ForwardClientInput$2.call()Ljava/lang/Void;+4
j  org.gradle.launcher.daemon.server.exec.ForwardClientInput$2.call()Ljava/lang/Object;+1
j  org.gradle.util.Swapper.swap(Ljava/lang/Object;Ljava/util/concurrent/Callable;)Ljava/lang/Object;+21
j  org.gradle.launcher.daemon.server.exec.ForwardClientInput.execute(Lorg/gradle/launcher/daemon/server/api/DaemonCommandExecution;)V+63
j  org.gradle.launcher.daemon.server.api.DaemonCommandExecution.proceed()Z+28
j  org.gradle.launcher.daemon.server.exec.LogAndCheckHealth.execute(Lorg/gradle/launcher/daemon/server/api/DaemonCommandExecution;)V+28
j  org.gradle.launcher.daemon.server.api.DaemonCommandExecution.proceed()Z+28
j  org.gradle.launcher.daemon.server.exec.LogToClient.doBuild(Lorg/gradle/launcher/daemon/server/api/DaemonCommandExecution;Lorg/gradle/launcher/daemon/protocol/Build;)V+87
j  org.gradle.launcher.daemon.server.exec.BuildCommandOnly.execute(Lorg/gradle/launcher/daemon/server/api/DaemonCommandExecution;)V+49
j  org.gradle.launcher.daemon.server.api.DaemonCommandExecution.proceed()Z+28
j  org.gradle.launcher.daemon.server.exec.EstablishBuildEnvironment.doBuild(Lorg/gradle/launcher/daemon/server/api/DaemonCommandExecution;Lorg/gradle/launcher/daemon/protocol/Build;)V+279
j  org.gradle.launcher.daemon.server.exec.BuildCommandOnly.execute(Lorg/gradle/launcher/daemon/server/api/DaemonCommandExecution;)V+49
j  org.gradle.launcher.daemon.server.api.DaemonCommandExecution.proceed()Z+28
j  org.gradle.launcher.daemon.server.exec.StartBuildOrRespondWithBusy$1.run()V+44
j  org.gradle.launcher.daemon.server.DaemonStateCoordinator$1.run()V+4
j  org.gradle.internal.concurrent.ExecutorPolicy$CatchAndRecordFailures.onExecute(Ljava/lang/Runnable;)V+1
j  org.gradle.internal.concurrent.StoppableExecutorImpl$1.run()V+25
j  java.util.concurrent.ThreadPoolExecutor.runWorker(Ljava/util/concurrent/ThreadPoolExecutor$Worker;)V+95
j  java.util.concurrent.ThreadPoolExecutor$Worker.run()V+5
j  java.lang.Thread.run()V+11
v  ~StubRoutines::call_stub

---------------  P R O C E S S  ---------------

Java Threads: ( => current thread )
  0x00007feda2097800 JavaThread "pool-2-thread-1" [_thread_blocked, id=22023, stack(0x0000700001559000,0x0000700001659000)]
  0x00007feda29bc000 JavaThread "File lock request listener" [_thread_in_native, id=21515, stack(0x0000700001456000,0x0000700001556000)]
  0x00007feda284b000 JavaThread "pool-1-thread-1" [_thread_blocked, id=20487, stack(0x0000700001353000,0x0000700001453000)]
  0x00007feda20d6800 JavaThread "process reaper" daemon [_thread_blocked, id=20995, stack(0x0000700000097000,0x00007000000bf000)]
  0x00007feda2332800 JavaThread "Stdin handler" [_thread_blocked, id=19971, stack(0x0000700001250000,0x0000700001350000)]
  0x00007feda2391800 JavaThread "Asynchronous log dispatcher for DefaultDaemonConnection: socket connection from /127.0.0.1:58324 to /127.0.0.1:58325" [_thread_blocked, id=19459, stack(0x000070000114d000,0x000070000124d000)]
=>0x00007feda228f800 JavaThread "Daemon worker" [_thread_in_vm, id=18947, stack(0x000070000104a000,0x000070000114a000)]
  0x00007feda2c8a000 JavaThread "Cancel handler" [_thread_blocked, id=18435, stack(0x0000700000f47000,0x0000700001047000)]
  0x00007feda28e4800 JavaThread "Handler for socket connection from /127.0.0.1:58324 to /127.0.0.1:58325" [_thread_in_native, id=12807, stack(0x0000700000e44000,0x0000700000f44000)]
  0x00007feda2200800 JavaThread "Daemon" [_thread_blocked, id=5127, stack(0x0000700000d41000,0x0000700000e41000)]
  0x00007feda2392000 JavaThread "Incoming local TCP Connector on port 58324" [_thread_in_native, id=4615, stack(0x000070000072c000,0x000070000082c000)]
  0x00007feda20c2000 JavaThread "Service Thread" daemon [_thread_blocked, id=17411, stack(0x0000700000b3b000,0x0000700000c3b000)]
  0x00007feda2075000 JavaThread "C1 CompilerThread1" daemon [_thread_blocked, id=16899, stack(0x0000700000a38000,0x0000700000b38000)]
  0x00007feda2076000 JavaThread "C2 CompilerThread0" daemon [_thread_in_native, id=16387, stack(0x0000700000935000,0x0000700000a35000)]
  0x00007feda2074800 JavaThread "Signal Dispatcher" daemon [_thread_blocked, id=15879, stack(0x0000700000832000,0x0000700000932000)]
  0x00007feda2806000 JavaThread "Finalizer" daemon [_thread_blocked, id=11779, stack(0x0000700000629000,0x0000700000729000)]
  0x00007feda204d800 JavaThread "Reference Handler" daemon [_thread_blocked, id=11267, stack(0x0000700000526000,0x0000700000626000)]
  0x00007feda200c800 JavaThread "main" [_thread_blocked, id=6403, stack(0x000070000011a000,0x000070000021a000)]

Other Threads:
  0x00007feda2800800 VMThread [stack: 0x0000700000423000,0x0000700000523000] [id=10755]
  0x00007feda20c3000 WatcherThread [stack: 0x0000700000c3e000,0x0000700000d3e000] [id=17923]

VM state:not at safepoint (normal execution)

VM Mutex/Monitor currently owned by a thread: None

Heap:
 PSYoungGen      total 72192K, used 15454K [0x00000007a0000000, 0x00000007a5b80000, 0x00000007c0000000)
  eden space 61440K, 25% used [0x00000007a0000000,0x00000007a0f17a00,0x00000007a3c00000)
  from space 10752K, 0% used [0x00000007a4700000,0x00000007a4700000,0x00000007a5180000)
  to   space 11264K, 0% used [0x00000007a3c00000,0x00000007a3c00000,0x00000007a4700000)
 ParOldGen       total 95232K, used 14190K [0x0000000760000000, 0x0000000765d00000, 0x00000007a0000000)
  object space 95232K, 14% used [0x0000000760000000,0x0000000760ddb918,0x0000000765d00000)
 Metaspace       used 36026K, capacity 36678K, committed 36992K, reserved 1081344K
  class space    used 4801K, capacity 4967K, committed 4992K, reserved 1048576K

Card table byte_map: [0x00000001129c0000,0x0000000112cc1000] byte_map_base: 0x000000010eec0000

Marking Bits: (ParMarkBitMap*) 0x0000000102ee3ed0
 Begin Bits: [0x0000000112ec1000, 0x00000001146c1000)
 End Bits:   [0x00000001146c1000, 0x0000000115ec1000)

Polling page: 0x0000000103194000

CodeCache: size=245760Kb used=10530Kb max_used=10541Kb free=235229Kb
 bounds [0x0000000103600000, 0x0000000104050000, 0x0000000112600000]
 total_blobs=4033 nmethods=3334 adapters=613
 compilation: enabled

Compilation events (10 events):
Event: 41.727 Thread 0x00007feda2075000 3541       2       sun.security.util.ManifestDigester::findSection (180 bytes)
Event: 41.728 Thread 0x00007feda2075000 nmethod 3541 0x0000000104048510 code [0x0000000104048680, 0x0000000104048950]
Event: 41.728 Thread 0x00007feda2075000 3542 %     3       sun.security.util.ManifestDigester::findSection @ 20 (180 bytes)
Event: 41.729 Thread 0x00007feda2075000 nmethod 3542% 0x0000000104048b50 code [0x0000000104048ce0, 0x00000001040491f0]
Event: 41.729 Thread 0x00007feda2075000 3543       2       sun.security.util.ManifestDigester$Entry::<init> (26 bytes)
Event: 41.729 Thread 0x00007feda2075000 nmethod 3543 0x0000000104049490 code [0x00000001040495e0, 0x0000000104049750]
Event: 41.729 Thread 0x00007feda2075000 3544       2       sun.security.util.ManifestDigester::isNameAttr (102 bytes)
Event: 41.730 Thread 0x00007feda2075000 nmethod 3544 0x00000001040497d0 code [0x0000000104049940, 0x0000000104049bd0]
Event: 41.733 Thread 0x00007feda2075000 3545       3       sun.security.util.ManifestDigester::findSection (180 bytes)
Event: 41.734 Thread 0x00007feda2075000 nmethod 3545 0x0000000104049d50 code [0x0000000104049ee0, 0x000000010404a370]

GC Heap History (10 events):
Event: 29.325 GC heap before
{Heap before GC invocations=8 (full 1):
 PSYoungGen      total 52224K, used 47435K [0x00000007a0000000, 0x00000007a3d80000, 0x00000007c0000000)
  eden space 42496K, 100% used [0x00000007a0000000,0x00000007a2980000,0x00000007a2980000)
  from space 9728K, 50% used [0x00000007a3400000,0x00000007a38d2cf0,0x00000007a3d80000)
  to   space 10240K, 0% used [0x00000007a2980000,0x00000007a2980000,0x00000007a3380000)
 ParOldGen       total 71680K, used 9688K [0x0000000760000000, 0x0000000764600000, 0x00000007a0000000)
  object space 71680K, 13% used [0x0000000760000000,0x0000000760976380,0x0000000764600000)
 Metaspace       used 28462K, capacity 28948K, committed 29184K, reserved 1075200K
  class space    used 3885K, capacity 3995K, committed 4096K, reserved 1048576K
Event: 29.347 GC heap after
Heap after GC invocations=8 (full 1):
 PSYoungGen      total 52736K, used 5722K [0x00000007a0000000, 0x00000007a4700000, 0x00000007c0000000)
  eden space 42496K, 0% used [0x00000007a0000000,0x00000007a0000000,0x00000007a2980000)
  from space 10240K, 55% used [0x00000007a2980000,0x00000007a2f16a30,0x00000007a3380000)
  to   space 9728K, 0% used [0x00000007a3d80000,0x00000007a3d80000,0x00000007a4700000)
 ParOldGen       total 71680K, used 9760K [0x0000000760000000, 0x0000000764600000, 0x00000007a0000000)
  object space 71680K, 13% used [0x0000000760000000,0x0000000760988390,0x0000000764600000)
 Metaspace       used 28462K, capacity 28948K, committed 29184K, reserved 1075200K
  class space    used 3885K, capacity 3995K, committed 4096K, reserved 1048576K
}
Event: 38.732 GC heap before
{Heap before GC invocations=9 (full 1):
 PSYoungGen      total 52736K, used 48166K [0x00000007a0000000, 0x00000007a4700000, 0x00000007c0000000)
  eden space 42496K, 99% used [0x00000007a0000000,0x00000007a2972de8,0x00000007a2980000)
  from space 10240K, 55% used [0x00000007a2980000,0x00000007a2f16a30,0x00000007a3380000)
  to   space 9728K, 0% used [0x00000007a3d80000,0x00000007a3d80000,0x00000007a4700000)
 ParOldGen       total 71680K, used 9760K [0x0000000760000000, 0x0000000764600000, 0x00000007a0000000)
  object space 71680K, 13% used [0x0000000760000000,0x0000000760988390,0x0000000764600000)
 Metaspace       used 29504K, capacity 30024K, committed 30336K, reserved 1075200K
  class space    used 4021K, capacity 4206K, committed 4224K, reserved 1048576K
Event: 38.763 GC heap after
Heap after GC invocations=9 (full 1):
 PSYoungGen      total 60928K, used 6215K [0x00000007a0000000, 0x00000007a4600000, 0x00000007c0000000)
  eden space 52224K, 0% used [0x00000007a0000000,0x00000007a0000000,0x00000007a3300000)
  from space 8704K, 71% used [0x00000007a3d80000,0x00000007a4391ea0,0x00000007a4600000)
  to   space 9728K, 0% used [0x00000007a3300000,0x00000007a3300000,0x00000007a3c80000)
 ParOldGen       total 71680K, used 9768K [0x0000000760000000, 0x0000000764600000, 0x00000007a0000000)
  object space 71680K, 13% used [0x0000000760000000,0x000000076098a390,0x0000000764600000)
 Metaspace       used 29504K, capacity 30024K, committed 30336K, reserved 1075200K
  class space    used 4021K, capacity 4206K, committed 4224K, reserved 1048576K
}
Event: 40.666 GC heap before
{Heap before GC invocations=10 (full 1):
 PSYoungGen      total 60928K, used 58439K [0x00000007a0000000, 0x00000007a4600000, 0x00000007c0000000)
  eden space 52224K, 100% used [0x00000007a0000000,0x00000007a3300000,0x00000007a3300000)
  from space 8704K, 71% used [0x00000007a3d80000,0x00000007a4391ea0,0x00000007a4600000)
  to   space 9728K, 0% used [0x00000007a3300000,0x00000007a3300000,0x00000007a3c80000)
 ParOldGen       total 71680K, used 9768K [0x0000000760000000, 0x0000000764600000, 0x00000007a0000000)
  object space 71680K, 13% used [0x0000000760000000,0x000000076098a390,0x0000000764600000)
 Metaspace       used 34199K, capacity 34868K, committed 35328K, reserved 1079296K
  class space    used 4564K, capacity 4760K, committed 4864K, reserved 1048576K
Event: 40.703 GC heap after
Heap after GC invocations=10 (full 1):
 PSYoungGen      total 61952K, used 9697K [0x00000007a0000000, 0x00000007a5180000, 0x00000007c0000000)
  eden space 52224K, 0% used [0x00000007a0000000,0x00000007a0000000,0x00000007a3300000)
  from space 9728K, 99% used [0x00000007a3300000,0x00000007a3c78488,0x00000007a3c80000)
  to   space 10752K, 0% used [0x00000007a4700000,0x00000007a4700000,0x00000007a5180000)
 ParOldGen       total 71680K, used 10402K [0x0000000760000000, 0x0000000764600000, 0x00000007a0000000)
  object space 71680K, 14% used [0x0000000760000000,0x0000000760a28940,0x0000000764600000)
 Metaspace       used 34199K, capacity 34868K, committed 35328K, reserved 1079296K
  class space    used 4564K, capacity 4760K, committed 4864K, reserved 1048576K
}
Event: 41.010 GC heap before
{Heap before GC invocations=11 (full 1):
 PSYoungGen      total 61952K, used 23630K [0x00000007a0000000, 0x00000007a5180000, 0x00000007c0000000)
  eden space 52224K, 26% used [0x00000007a0000000,0x00000007a0d9b4e0,0x00000007a3300000)
  from space 9728K, 99% used [0x00000007a3300000,0x00000007a3c78488,0x00000007a3c80000)
  to   space 10752K, 0% used [0x00000007a4700000,0x00000007a4700000,0x00000007a5180000)
 ParOldGen       total 71680K, used 10402K [0x0000000760000000, 0x0000000764600000, 0x00000007a0000000)
  object space 71680K, 14% used [0x0000000760000000,0x0000000760a28940,0x0000000764600000)
 Metaspace       used 34740K, capacity 35328K, committed 35496K, reserved 1079296K
  class space    used 4653K, capacity 4826K, committed 4864K, reserved 1048576K
Event: 41.044 GC heap after
Heap after GC invocations=11 (full 1):
 PSYoungGen      total 72192K, used 7893K [0x00000007a0000000, 0x00000007a5b80000, 0x00000007c0000000)
  eden space 61440K, 0% used [0x00000007a0000000,0x00000007a0000000,0x00000007a3c00000)
  from space 10752K, 73% used [0x00000007a4700000,0x00000007a4eb5768,0x00000007a5180000)
  to   space 11264K, 0% used [0x00000007a3c00000,0x00000007a3c00000,0x00000007a4700000)
 ParOldGen       total 71680K, used 10410K [0x0000000760000000, 0x0000000764600000, 0x00000007a0000000)
  object space 71680K, 14% used [0x0000000760000000,0x0000000760a2a940,0x0000000764600000)
 Metaspace       used 34740K, capacity 35328K, committed 35496K, reserved 1079296K
  class space    used 4653K, capacity 4826K, committed 4864K, reserved 1048576K
}
Event: 41.044 GC heap before
{Heap before GC invocations=12 (full 2):
 PSYoungGen      total 72192K, used 7893K [0x00000007a0000000, 0x00000007a5b80000, 0x00000007c0000000)
  eden space 61440K, 0% used [0x00000007a0000000,0x00000007a0000000,0x00000007a3c00000)
  from space 10752K, 73% used [0x00000007a4700000,0x00000007a4eb5768,0x00000007a5180000)
  to   space 11264K, 0% used [0x00000007a3c00000,0x00000007a3c00000,0x00000007a4700000)
 ParOldGen       total 71680K, used 10410K [0x0000000760000000, 0x0000000764600000, 0x00000007a0000000)
  object space 71680K, 14% used [0x0000000760000000,0x0000000760a2a940,0x0000000764600000)
 Metaspace       used 34740K, capacity 35328K, committed 35496K, reserved 1079296K
  class space    used 4653K, capacity 4826K, committed 4864K, reserved 1048576K
Event: 41.321 GC heap after
Heap after GC invocations=12 (full 2):
 PSYoungGen      total 72192K, used 0K [0x00000007a0000000, 0x00000007a5b80000, 0x00000007c0000000)
  eden space 61440K, 0% used [0x00000007a0000000,0x00000007a0000000,0x00000007a3c00000)
  from space 10752K, 0% used [0x00000007a4700000,0x00000007a4700000,0x00000007a5180000)
  to   space 11264K, 0% used [0x00000007a3c00000,0x00000007a3c00000,0x00000007a4700000)
 ParOldGen       total 95232K, used 14190K [0x0000000760000000, 0x0000000765d00000, 0x00000007a0000000)
  object space 95232K, 14% used [0x0000000760000000,0x0000000760ddb918,0x0000000765d00000)
 Metaspace       used 34740K, capacity 35328K, committed 35496K, reserved 1079296K
  class space    used 4653K, capacity 4826K, committed 4864K, reserved 1048576K
}

Deoptimization events (10 events):
Event: 19.472 Thread 0x00007feda228f800 Uncommon trap: reason=unstable_if action=reinterpret pc=0x00000001038ec364 method=java.util.HashMap.putVal(ILjava/lang/Object;Ljava/lang/Object;ZZ)Ljava/lang/Object; @ 85
Event: 22.189 Thread 0x00007feda228f800 Uncommon trap: reason=unstable_if action=reinterpret pc=0x000000010385d29c method=java.io.UnixFileSystem.resolve(Ljava/lang/String;Ljava/lang/String;)Ljava/lang/String; @ 18
Event: 38.711 Thread 0x00007feda228f800 Uncommon trap: reason=bimorphic action=maybe_recompile pc=0x0000000103df6de0 method=java.lang.ClassLoader.getPackage(Ljava/lang/String;)Ljava/lang/Package; @ 47
Event: 38.715 Thread 0x00007feda228f800 Uncommon trap: reason=bimorphic action=maybe_recompile pc=0x0000000103df6de0 method=java.lang.ClassLoader.getPackage(Ljava/lang/String;)Ljava/lang/Package; @ 47
Event: 38.717 Thread 0x00007feda228f800 Uncommon trap: reason=bimorphic action=maybe_recompile pc=0x0000000103df6de0 method=java.lang.ClassLoader.getPackage(Ljava/lang/String;)Ljava/lang/Package; @ 47
Event: 38.719 Thread 0x00007feda228f800 Uncommon trap: reason=bimorphic action=maybe_recompile pc=0x0000000103df6de0 method=java.lang.ClassLoader.getPackage(Ljava/lang/String;)Ljava/lang/Package; @ 47
Event: 38.721 Thread 0x00007feda228f800 Uncommon trap: reason=bimorphic action=maybe_recompile pc=0x0000000103ef7c88 method=java.lang.ClassLoader.getPackage(Ljava/lang/String;)Ljava/lang/Package; @ 47
Event: 40.279 Thread 0x00007feda228f800 Uncommon trap: reason=unstable_if action=reinterpret pc=0x0000000103bd09c4 method=java.util.HashMap.putVal(ILjava/lang/Object;Ljava/lang/Object;ZZ)Ljava/lang/Object; @ 162
Event: 40.279 Thread 0x00007feda228f800 Uncommon trap: reason=unstable_if action=reinterpret pc=0x0000000103e8370c method=java.util.HashMap.putVal(ILjava/lang/Object;Ljava/lang/Object;ZZ)Ljava/lang/Object; @ 162
Event: 40.280 Thread 0x00007feda228f800 Uncommon trap: reason=unstable_if action=reinterpret pc=0x0000000103c4f9b0 method=java.util.HashMap.resize()[Ljava/util/HashMap$Node; @ 206

Internal exceptions (10 events):
Event: 38.706 Thread 0x00007feda228f800 Exception <a 'java/lang/ClassNotFoundException': org/gradle/api/plugins/ObjectConfigurationActionCustomizer> (0x00000007a2826398) thrown at [/Volumes/Android_AOSP/AOSP-openjdk/external/jetbrains/jdk/hotspot/src/share/vm/classfile/systemDictionary.cpp, lin
Event: 39.381 Thread 0x00007feda228f800 Exception <a 'sun/nio/fs/UnixException'> (0x00000007a0ab84e8) thrown at [/Volumes/Android_AOSP/AOSP-openjdk/external/jetbrains/jdk/hotspot/src/share/vm/prims/jni.cpp, line 709]
Event: 41.534 Thread 0x00007feda228f800 Exception <a 'java/lang/ClassNotFoundException': com/android/build/gradle/internal/api/DefaultAndroidSourceSet_DecoratedBeanInfo> (0x00000007a06822c8) thrown at [/Volumes/Android_AOSP/AOSP-openjdk/external/jetbrains/jdk/hotspot/src/share/vm/classfile/syst
Event: 41.535 Thread 0x00007feda228f800 Exception <a 'java/lang/ClassNotFoundException': com/android/build/gradle/internal/api/DefaultAndroidSourceSetBeanInfo> (0x00000007a0697918) thrown at [/Volumes/Android_AOSP/AOSP-openjdk/external/jetbrains/jdk/hotspot/src/share/vm/classfile/systemDictiona
Event: 41.536 Thread 0x00007feda228f800 Exception <a 'java/lang/ClassNotFoundException': com/android/build/gradle/internal/api/DefaultAndroidSourceSetCustomizer> (0x00000007a06ad2f8) thrown at [/Volumes/Android_AOSP/AOSP-openjdk/external/jetbrains/jdk/hotspot/src/share/vm/classfile/systemDictio
Event: 41.538 Thread 0x00007feda228f800 Exception <a 'java/lang/ClassNotFoundException': com/android/build/gradle/internal/api/DefaultAndroidSourceSet_DecoratedCustomizer> (0x00000007a0702dc8) thrown at [/Volumes/Android_AOSP/AOSP-openjdk/external/jetbrains/jdk/hotspot/src/share/vm/classfile/sy
Event: 41.689 Thread 0x00007feda228f800 Exception <a 'java/lang/ClassNotFoundException': org/gradle/api/plugins/BasePluginConventionBeanInfo> (0x00000007a0ae4360) thrown at [/Volumes/Android_AOSP/AOSP-openjdk/external/jetbrains/jdk/hotspot/src/share/vm/classfile/systemDictionary.cpp, line 210]
Event: 41.691 Thread 0x00007feda228f800 Exception <a 'java/lang/ClassNotFoundException': org/gradle/api/plugins/BasePluginConventionCustomizer> (0x00000007a0b1da80) thrown at [/Volumes/Android_AOSP/AOSP-openjdk/external/jetbrains/jdk/hotspot/src/share/vm/classfile/systemDictionary.cpp, line 210
Event: 41.698 Thread 0x00007feda228f800 Exception <a 'java/lang/ClassNotFoundException': org/gradle/api/plugins/JavaPluginConventionBeanInfo> (0x00000007a0b9bdc0) thrown at [/Volumes/Android_AOSP/AOSP-openjdk/external/jetbrains/jdk/hotspot/src/share/vm/classfile/systemDictionary.cpp, line 210]
Event: 41.699 Thread 0x00007feda228f800 Exception <a 'java/lang/ClassNotFoundException': org/gradle/api/plugins/JavaPluginConventionCustomizer> (0x00000007a0bd54e0) thrown at [/Volumes/Android_AOSP/AOSP-openjdk/external/jetbrains/jdk/hotspot/src/share/vm/classfile/systemDictionary.cpp, line 210

Events (10 events):
Event: 41.735 loading class sun/security/util/DerValue done
Event: 41.735 loading class sun/security/util/DerOutputStream
Event: 41.736 loading class sun/security/util/DerEncoder
Event: 41.736 loading class sun/security/util/DerEncoder done
Event: 41.736 loading class sun/security/util/DerOutputStream done
Event: 41.736 loading class sun/security/util/ByteArrayLexOrder
Event: 41.736 loading class sun/security/util/ByteArrayLexOrder done
Event: 41.736 loading class sun/security/util/ByteArrayTagOrder
Event: 41.736 loading class sun/security/util/ByteArrayTagOrder done
Event: 41.736 loading class sun/security/x509/AlgorithmId


Dynamic libraries:
0x00000000061c0000 	/System/Library/Frameworks/Cocoa.framework/Versions/A/Cocoa
0x00000000061c0000 	/System/Library/Frameworks/Security.framework/Versions/A/Security
0x00000000061c0000 	/System/Library/Frameworks/ApplicationServices.framework/Versions/A/ApplicationServices
0x00000000061c0000 	/usr/lib/libz.1.dylib
0x00000000061c0000 	/usr/lib/libSystem.B.dylib
0x00000000061c0000 	/usr/lib/libobjc.A.dylib
0x00000000061c0000 	/System/Library/Frameworks/Foundation.framework/Versions/C/Foundation
0x00000000061c0000 	/System/Library/Frameworks/CoreFoundation.framework/Versions/A/CoreFoundation
0x00000000061c0000 	/System/Library/Frameworks/AppKit.framework/Versions/C/AppKit
0x00000000061c0000 	/System/Library/Frameworks/CoreData.framework/Versions/A/CoreData
0x00000000061c0000 	/System/Library/PrivateFrameworks/RemoteViewServices.framework/Versions/A/RemoteViewServices
0x00000000061c0000 	/System/Library/PrivateFrameworks/UIFoundation.framework/Versions/A/UIFoundation
0x00000000061c0000 	/usr/lib/libScreenReader.dylib
0x00000000061c0000 	/System/Library/Frameworks/Accelerate.framework/Versions/A/Accelerate
0x00000000061c0000 	/System/Library/Frameworks/IOSurface.framework/Versions/A/IOSurface
0x00000000061c0000 	/System/Library/Frameworks/AudioToolbox.framework/Versions/A/AudioToolbox
0x00000000061c0000 	/System/Library/Frameworks/AudioUnit.framework/Versions/A/AudioUnit
0x00000000061c0000 	/System/Library/PrivateFrameworks/DataDetectorsCore.framework/Versions/A/DataDetectorsCore
0x00000000061c0000 	/System/Library/PrivateFrameworks/DesktopServicesPriv.framework/Versions/A/DesktopServicesPriv
0x00000000061c0000 	/System/Library/Frameworks/Carbon.framework/Versions/A/Frameworks/HIToolbox.framework/Versions/A/HIToolbox
0x00000000061c0000 	/System/Library/Frameworks/QuartzCore.framework/Versions/A/QuartzCore
0x00000000061c0000 	/System/Library/Frameworks/Carbon.framework/Versions/A/Frameworks/SpeechRecognition.framework/Versions/A/SpeechRecognition
0x00000000061c0000 	/usr/lib/libauto.dylib
0x00000000061c0000 	/usr/lib/libicucore.A.dylib
0x00000000061c0000 	/usr/lib/libxml2.2.dylib
0x00000000061c0000 	/System/Library/PrivateFrameworks/CoreUI.framework/Versions/A/CoreUI
0x00000000061c0000 	/System/Library/Frameworks/CoreAudio.framework/Versions/A/CoreAudio
0x00000000061c0000 	/System/Library/Frameworks/DiskArbitration.framework/Versions/A/DiskArbitration
0x00000000061c0000 	/usr/lib/liblangid.dylib
0x00000000061c0000 	/System/Library/PrivateFrameworks/MultitouchSupport.framework/Versions/A/MultitouchSupport
0x00000000061c0000 	/System/Library/Frameworks/IOKit.framework/Versions/A/IOKit
0x00000000061c0000 	/usr/lib/libDiagnosticMessagesClient.dylib
0x00000000061c0000 	/System/Library/Frameworks/CoreServices.framework/Versions/A/CoreServices
0x00000000061c0000 	/System/Library/PrivateFrameworks/PerformanceAnalysis.framework/Versions/A/PerformanceAnalysis
0x00000000061c0000 	/System/Library/PrivateFrameworks/GenerationalStorage.framework/Versions/A/GenerationalStorage
0x00000000061c0000 	/System/Library/Frameworks/OpenGL.framework/Versions/A/OpenGL
0x00000000061c0000 	/System/Library/PrivateFrameworks/Sharing.framework/Versions/A/Sharing
0x00000000061c0000 	/System/Library/Frameworks/CoreGraphics.framework/Versions/A/CoreGraphics
0x00000000061c0000 	/System/Library/Frameworks/CoreImage.framework/Versions/A/CoreImage
0x00000000061c0000 	/System/Library/Frameworks/CoreText.framework/Versions/A/CoreText
0x00000000061c0000 	/System/Library/Frameworks/ImageIO.framework/Versions/A/ImageIO
0x00000000061c0000 	/System/Library/PrivateFrameworks/Backup.framework/Versions/A/Backup
0x00000000061c0000 	/usr/lib/libextension.dylib
0x00000000061c0000 	/usr/lib/libarchive.2.dylib
0x00000000061c0000 	/System/Library/Frameworks/CFNetwork.framework/Versions/A/CFNetwork
0x00000000061c0000 	/System/Library/Frameworks/SystemConfiguration.framework/Versions/A/SystemConfiguration
0x00000000061c0000 	/usr/lib/libCRFSuite.dylib
0x00000000061c0000 	/usr/lib/libc++.1.dylib
0x00000000061c0000 	/usr/lib/libc++abi.dylib
0x00000000061c0000 	/usr/lib/system/libcache.dylib
0x00000000061c0000 	/usr/lib/system/libcommonCrypto.dylib
0x00000000061c0000 	/usr/lib/system/libcompiler_rt.dylib
0x00000000061c0000 	/usr/lib/system/libcopyfile.dylib
0x00000000061c0000 	/usr/lib/system/libcorecrypto.dylib
0x00000000061c0000 	/usr/lib/system/libdispatch.dylib
0x00000000061c0000 	/usr/lib/system/libdyld.dylib
0x00000000061c0000 	/usr/lib/system/libkeymgr.dylib
0x00000000061c0000 	/usr/lib/system/liblaunch.dylib
0x00000000061c0000 	/usr/lib/system/libmacho.dylib
0x00000000061c0000 	/usr/lib/system/libquarantine.dylib
0x00000000061c0000 	/usr/lib/system/libremovefile.dylib
0x00000000061c0000 	/usr/lib/system/libsystem_asl.dylib
0x00000000061c0000 	/usr/lib/system/libsystem_blocks.dylib
0x00000000061c0000 	/usr/lib/system/libsystem_c.dylib
0x00000000061c0000 	/usr/lib/system/libsystem_configuration.dylib
0x00000000061c0000 	/usr/lib/system/libsystem_coreservices.dylib
0x00000000061c0000 	/usr/lib/system/libsystem_coretls.dylib
0x00000000061c0000 	/usr/lib/system/libsystem_dnssd.dylib
0x00000000061c0000 	/usr/lib/system/libsystem_info.dylib
0x00000000061c0000 	/usr/lib/system/libsystem_kernel.dylib
0x00000000061c0000 	/usr/lib/system/libsystem_m.dylib
0x00000000061c0000 	/usr/lib/system/libsystem_malloc.dylib
0x00000000061c0000 	/usr/lib/system/libsystem_network.dylib
0x00000000061c0000 	/usr/lib/system/libsystem_networkextension.dylib
0x00000000061c0000 	/usr/lib/system/libsystem_notify.dylib
0x00000000061c0000 	/usr/lib/system/libsystem_platform.dylib
0x00000000061c0000 	/usr/lib/system/libsystem_pthread.dylib
0x00000000061c0000 	/usr/lib/system/libsystem_sandbox.dylib
0x00000000061c0000 	/usr/lib/system/libsystem_secinit.dylib
0x00000000061c0000 	/usr/lib/system/libsystem_trace.dylib
0x00000000061c0000 	/usr/lib/system/libunc.dylib
0x00000000061c0000 	/usr/lib/system/libunwind.dylib
0x00000000061c0000 	/usr/lib/system/libxpc.dylib
0x00000000061c0000 	/usr/lib/libenergytrace.dylib
0x00000000061c0000 	/usr/lib/libbsm.0.dylib
0x00000000061c0000 	/usr/lib/system/libkxld.dylib
0x00000000061c0000 	/usr/lib/libxar.1.dylib
0x00000000061c0000 	/usr/lib/libsqlite3.dylib
0x00000000061c0000 	/usr/lib/libpam.2.dylib
0x00000000061c0000 	/usr/lib/libOpenScriptingUtil.dylib
0x00000000061c0000 	/usr/lib/libbz2.1.0.dylib
0x00000000061c0000 	/usr/lib/liblzma.5.dylib
0x00000000061c0000 	/System/Library/Frameworks/CoreServices.framework/Versions/A/Frameworks/FSEvents.framework/Versions/A/FSEvents
0x00000000061c0000 	/System/Library/Frameworks/CoreServices.framework/Versions/A/Frameworks/CarbonCore.framework/Versions/A/CarbonCore
0x00000000061c0000 	/System/Library/Frameworks/CoreServices.framework/Versions/A/Frameworks/Metadata.framework/Versions/A/Metadata
0x00000000061c0000 	/System/Library/Frameworks/CoreServices.framework/Versions/A/Frameworks/OSServices.framework/Versions/A/OSServices
0x00000000061c0000 	/System/Library/Frameworks/CoreServices.framework/Versions/A/Frameworks/SearchKit.framework/Versions/A/SearchKit
0x00000000061c0000 	/System/Library/Frameworks/CoreServices.framework/Versions/A/Frameworks/AE.framework/Versions/A/AE
0x00000000061c0000 	/System/Library/Frameworks/CoreServices.framework/Versions/A/Frameworks/LaunchServices.framework/Versions/A/LaunchServices
0x00000000061c0000 	/System/Library/Frameworks/CoreServices.framework/Versions/A/Frameworks/DictionaryServices.framework/Versions/A/DictionaryServices
0x00000000061c0000 	/System/Library/Frameworks/CoreServices.framework/Versions/A/Frameworks/SharedFileList.framework/Versions/A/SharedFileList
0x00000000061c0000 	/System/Library/Frameworks/NetFS.framework/Versions/A/NetFS
0x00000000061c0000 	/System/Library/PrivateFrameworks/NetAuth.framework/Versions/A/NetAuth
0x00000000061c0000 	/System/Library/PrivateFrameworks/login.framework/Versions/A/Frameworks/loginsupport.framework/Versions/A/loginsupport
0x00000000061c0000 	/System/Library/PrivateFrameworks/TCC.framework/Versions/A/TCC
0x00000000061c0000 	/usr/lib/libmecabra.dylib
0x00000000061c0000 	/System/Library/Frameworks/ApplicationServices.framework/Versions/A/Frameworks/ATS.framework/Versions/A/ATS
0x00000000061c0000 	/System/Library/Frameworks/ApplicationServices.framework/Versions/A/Frameworks/ColorSync.framework/Versions/A/ColorSync
0x00000000061c0000 	/System/Library/Frameworks/ApplicationServices.framework/Versions/A/Frameworks/HIServices.framework/Versions/A/HIServices
0x00000000061c0000 	/System/Library/Frameworks/ApplicationServices.framework/Versions/A/Frameworks/LangAnalysis.framework/Versions/A/LangAnalysis
0x00000000061c0000 	/System/Library/Frameworks/ApplicationServices.framework/Versions/A/Frameworks/PrintCore.framework/Versions/A/PrintCore
0x00000000061c0000 	/System/Library/Frameworks/ApplicationServices.framework/Versions/A/Frameworks/QD.framework/Versions/A/QD
0x00000000061c0000 	/System/Library/Frameworks/ApplicationServices.framework/Versions/A/Frameworks/SpeechSynthesis.framework/Versions/A/SpeechSynthesis
0x00000000061c0000 	/System/Library/Frameworks/Metal.framework/Versions/A/Metal
0x00000000061c0000 	/System/Library/Frameworks/Accelerate.framework/Versions/A/Frameworks/vImage.framework/Versions/A/vImage
0x00000000061c0000 	/System/Library/Frameworks/Accelerate.framework/Versions/A/Frameworks/vecLib.framework/Versions/A/vecLib
0x00000000061c0000 	/System/Library/Frameworks/Accelerate.framework/Versions/A/Frameworks/vecLib.framework/Versions/A/libvDSP.dylib
0x00000000061c0000 	/System/Library/Frameworks/Accelerate.framework/Versions/A/Frameworks/vecLib.framework/Versions/A/libvMisc.dylib
0x00000000061c0000 	/System/Library/Frameworks/Accelerate.framework/Versions/A/Frameworks/vecLib.framework/Versions/A/libLAPACK.dylib
0x00000000061c0000 	/System/Library/Frameworks/Accelerate.framework/Versions/A/Frameworks/vecLib.framework/Versions/A/libBLAS.dylib
0x00000000061c0000 	/System/Library/Frameworks/Accelerate.framework/Versions/A/Frameworks/vecLib.framework/Versions/A/libLinearAlgebra.dylib
0x00000000061c0000 	/System/Library/Frameworks/Accelerate.framework/Versions/A/Frameworks/vecLib.framework/Versions/A/libSparseBLAS.dylib
0x00000000061c0000 	/System/Library/PrivateFrameworks/GPUCompiler.framework/libmetal_timestamp.dylib
0x00000000061c0000 	/System/Library/Frameworks/OpenGL.framework/Versions/A/Libraries/libCoreFSCache.dylib
0x00000000061c0000 	/System/Library/PrivateFrameworks/IOAccelerator.framework/Versions/A/IOAccelerator
0x00000000061c0000 	/System/Library/Frameworks/ApplicationServices.framework/Versions/A/Frameworks/ATS.framework/Versions/A/Resources/libFontParser.dylib
0x00000000061c0000 	/System/Library/Frameworks/ApplicationServices.framework/Versions/A/Frameworks/ATS.framework/Versions/A/Resources/libFontRegistry.dylib
0x00000000061c0000 	/System/Library/PrivateFrameworks/AppleVPA.framework/Versions/A/AppleVPA
0x00000000061c0000 	/System/Library/PrivateFrameworks/AppleJPEG.framework/Versions/A/AppleJPEG
0x00000000061c0000 	/System/Library/Frameworks/ImageIO.framework/Versions/A/Resources/libJPEG.dylib
0x00000000061c0000 	/System/Library/Frameworks/ImageIO.framework/Versions/A/Resources/libTIFF.dylib
0x00000000061c0000 	/System/Library/Frameworks/ImageIO.framework/Versions/A/Resources/libPng.dylib
0x00000000061c0000 	/System/Library/Frameworks/ImageIO.framework/Versions/A/Resources/libGIF.dylib
0x00000000061c0000 	/System/Library/Frameworks/ImageIO.framework/Versions/A/Resources/libJP2.dylib
0x00000000061c0000 	/System/Library/Frameworks/ImageIO.framework/Versions/A/Resources/libRadiance.dylib
0x00000000061c0000 	/System/Library/Frameworks/CoreVideo.framework/Versions/A/CoreVideo
0x00000000061c0000 	/System/Library/Frameworks/OpenGL.framework/Versions/A/Libraries/libGLU.dylib
0x00000000061c0000 	/System/Library/Frameworks/OpenGL.framework/Versions/A/Libraries/libGFXShared.dylib
0x00000000061c0000 	/System/Library/Frameworks/OpenGL.framework/Versions/A/Libraries/libGL.dylib
0x00000000061c0000 	/System/Library/Frameworks/OpenGL.framework/Versions/A/Libraries/libGLImage.dylib
0x00000000061c0000 	/System/Library/Frameworks/OpenGL.framework/Versions/A/Libraries/libCVMSPluginSupport.dylib
0x00000000061c0000 	/System/Library/Frameworks/OpenGL.framework/Versions/A/Libraries/libCoreVMClient.dylib
0x00000000061c0000 	/usr/lib/libcompression.dylib
0x00000000061c0000 	/usr/lib/libcups.2.dylib
0x00000000061c0000 	/System/Library/Frameworks/Kerberos.framework/Versions/A/Kerberos
0x00000000061c0000 	/System/Library/Frameworks/GSS.framework/Versions/A/GSS
0x00000000061c0000 	/usr/lib/libresolv.9.dylib
0x00000000061c0000 	/usr/lib/libiconv.2.dylib
0x00000000061c0000 	/System/Library/PrivateFrameworks/Heimdal.framework/Versions/A/Heimdal
0x00000000061c0000 	/usr/lib/libheimdal-asn1.dylib
0x00000000061c0000 	/System/Library/Frameworks/OpenDirectory.framework/Versions/A/OpenDirectory
0x00000000061c0000 	/System/Library/PrivateFrameworks/CommonAuth.framework/Versions/A/CommonAuth
0x00000000061c0000 	/System/Library/Frameworks/OpenDirectory.framework/Versions/A/Frameworks/CFOpenDirectory.framework/Versions/A/CFOpenDirectory
0x00000000061c0000 	/System/Library/Frameworks/SecurityFoundation.framework/Versions/A/SecurityFoundation
0x00000000061c0000 	/System/Library/PrivateFrameworks/LanguageModeling.framework/Versions/A/LanguageModeling
0x00000000061c0000 	/usr/lib/libmarisa.dylib
0x00000000061c0000 	/usr/lib/libChineseTokenizer.dylib
0x00000000061c0000 	/usr/lib/libcmph.dylib
0x00000000061c0000 	/System/Library/Frameworks/ServiceManagement.framework/Versions/A/ServiceManagement
0x00000000061c0000 	/usr/lib/libxslt.1.dylib
0x00000000061c0000 	/System/Library/Frameworks/Carbon.framework/Versions/A/Frameworks/Ink.framework/Versions/A/Ink
0x00000000061c0000 	/usr/lib/libFosl_dynamic.dylib
0x00000000061c0000 	/System/Library/PrivateFrameworks/FaceCore.framework/Versions/A/FaceCore
0x00000000061c0000 	/System/Library/Frameworks/OpenCL.framework/Versions/A/OpenCL
0x00000000061c0000 	/System/Library/PrivateFrameworks/CrashReporterSupport.framework/Versions/A/CrashReporterSupport
0x00000000061c0000 	/System/Library/PrivateFrameworks/IconServices.framework/Versions/A/IconServices
0x00000000061c0000 	/System/Library/PrivateFrameworks/Apple80211.framework/Versions/A/Apple80211
0x00000000061c0000 	/System/Library/Frameworks/CoreWLAN.framework/Versions/A/CoreWLAN
0x00000000061c0000 	/System/Library/Frameworks/IOBluetooth.framework/Versions/A/IOBluetooth
0x00000000061c0000 	/System/Library/PrivateFrameworks/CoreWiFi.framework/Versions/A/CoreWiFi
0x00000000061c0000 	/System/Library/Frameworks/CoreBluetooth.framework/Versions/A/CoreBluetooth
0x00000000061c0000 	/System/Library/PrivateFrameworks/ChunkingLibrary.framework/Versions/A/ChunkingLibrary
0x00000000061c0000 	/System/Library/PrivateFrameworks/DebugSymbols.framework/Versions/A/DebugSymbols
0x00000000061c0000 	/System/Library/PrivateFrameworks/CoreSymbolication.framework/Versions/A/CoreSymbolication
0x00000000061c0000 	/System/Library/PrivateFrameworks/Symbolication.framework/Versions/A/Symbolication
0x00000000061c0000 	/System/Library/PrivateFrameworks/SpeechRecognitionCore.framework/Versions/A/SpeechRecognitionCore
0x0000000047d06000 	/System/Library/CoreServices/Encodings/libJapaneseConverter.dylib
0x0000000102658000 	/Applications/Android Studio.app/Contents/jre/jdk/Contents/Home/jre/lib/server/libjvm.dylib
0x00000000061c0000 	/usr/lib/libstdc++.6.dylib
0x0000000103152000 	/Applications/Android Studio.app/Contents/jre/jdk/Contents/Home/jre/lib/libverify.dylib
0x000000010315f000 	/Applications/Android Studio.app/Contents/jre/jdk/Contents/Home/jre/lib/libjava.dylib
0x000000010319e000 	/Applications/Android Studio.app/Contents/jre/jdk/Contents/Home/jre/lib/libzip.dylib
0x000000011761d000 	/System/Library/Frameworks/JavaVM.framework/Frameworks/JavaRuntimeSupport.framework/JavaRuntimeSupport
0x0000000117638000 	/System/Library/Frameworks/JavaVM.framework/Versions/A/Frameworks/JavaNativeFoundation.framework/Versions/A/JavaNativeFoundation
0x00000001031ee000 	/System/Library/Frameworks/JavaVM.framework/Versions/A/JavaVM
0x00000000061c0000 	/System/Library/Frameworks/Carbon.framework/Versions/A/Carbon
0x000000011764d000 	/System/Library/PrivateFrameworks/JavaLaunching.framework/Versions/A/JavaLaunching
0x00000000061c0000 	/System/Library/Frameworks/Carbon.framework/Versions/A/Frameworks/CommonPanels.framework/Versions/A/CommonPanels
0x00000000061c0000 	/System/Library/Frameworks/Carbon.framework/Versions/A/Frameworks/Help.framework/Versions/A/Help
0x00000000061c0000 	/System/Library/Frameworks/Carbon.framework/Versions/A/Frameworks/ImageCapture.framework/Versions/A/ImageCapture
0x00000000061c0000 	/System/Library/Frameworks/Carbon.framework/Versions/A/Frameworks/OpenScripting.framework/Versions/A/OpenScripting
0x00000000061c0000 	/System/Library/Frameworks/Carbon.framework/Versions/A/Frameworks/Print.framework/Versions/A/Print
0x00000000061c0000 	/System/Library/Frameworks/Carbon.framework/Versions/A/Frameworks/SecurityHI.framework/Versions/A/SecurityHI
0x00000001194ec000 	/Applications/Android Studio.app/Contents/jre/jdk/Contents/Home/jre/lib/libnet.dylib
0x000000011954b000 	/Applications/Android Studio.app/Contents/jre/jdk/Contents/Home/jre/lib/libnio.dylib
0x000000011955b000 	/Users/kitada/.gradle/native/23/osx-amd64/libnative-platform.dylib
0x0000000119893000 	/Applications/Android Studio.app/Contents/jre/jdk/Contents/Home/jre/lib/libmanagement.dylib

VM Arguments:
jvm_args: -Xmx1536m -Dfile.encoding=UTF-8 -Duser.country=JP -Duser.language=ja -Duser.variant 
java_command: org.gradle.launcher.daemon.bootstrap.GradleDaemon 3.3
java_class_path (initial): /Users/kitada/.gradle/wrapper/dists/gradle-3.3-all/55gk2rcmfc6p2dg9u9ohc3hw9/gradle-3.3/lib/gradle-launcher-3.3.jar
Launcher Type: SUN_STANDARD

Environment Variables:
PATH=/usr/bin:/bin:/usr/sbin:/sbin
SHELL=/bin/bash

Signal Handlers:
SIGSEGV: [libjvm.dylib+0x57e9cd], sa_mask[0]=11111111011111110111111111111111, sa_flags=SA_ONSTACK|SA_RESTART|SA_SIGINFO
SIGBUS: [libjvm.dylib+0x57e9cd], sa_mask[0]=11111111011111110111111111111111, sa_flags=SA_RESTART|SA_SIGINFO
SIGFPE: [libjvm.dylib+0x45951c], sa_mask[0]=11111111011111110111111111111111, sa_flags=SA_RESTART|SA_SIGINFO
SIGPIPE: [libjvm.dylib+0x45951c], sa_mask[0]=11111111011111110111111111111111, sa_flags=SA_RESTART|SA_SIGINFO
SIGXFSZ: [libjvm.dylib+0x45951c], sa_mask[0]=11111111011111110111111111111111, sa_flags=SA_RESTART|SA_SIGINFO
SIGILL: [libjvm.dylib+0x45951c], sa_mask[0]=11111111011111110111111111111111, sa_flags=SA_RESTART|SA_SIGINFO
SIGUSR1: SIG_DFL, sa_mask[0]=00000000000000000000000000000000, sa_flags=none
SIGUSR2: [libjvm.dylib+0x45903a], sa_mask[0]=00100000000000000000000000000000, sa_flags=SA_RESTART|SA_SIGINFO
SIGHUP: [libjvm.dylib+0x457611], sa_mask[0]=11111111011111110111111111111111, sa_flags=SA_RESTART|SA_SIGINFO
SIGINT: [libjvm.dylib+0x457611], sa_mask[0]=11111111011111110111111111111111, sa_flags=SA_RESTART|SA_SIGINFO
SIGTERM: [libjvm.dylib+0x457611], sa_mask[0]=11111111011111110111111111111111, sa_flags=SA_RESTART|SA_SIGINFO
SIGQUIT: [libjvm.dylib+0x457611], sa_mask[0]=11111111011111110111111111111111, sa_flags=SA_RESTART|SA_SIGINFO


---------------  S Y S T E M  ---------------

OS:Bsduname:Darwin 15.6.0 Darwin Kernel Version 15.6.0: Thu Sep  1 15:01:16 PDT 2016; root:xnu-3248.60.11~2/RELEASE_X86_64 x86_64
rlimit: STACK 8192k, CORE 0k, NPROC 709, NOFILE 10240, AS infinity
load average:16.51 7.15 4.25

CPU:total 2 (2 cores per cpu, 1 threads per core) family 6 model 23 stepping 6, cmov, cx8, fxsr, mmx, sse, sse2, sse3, ssse3, sse4.1, tsc

Memory: 4k page, physical 8388608k(708648k free)

/proc/meminfo:


vm_info: OpenJDK 64-Bit Server VM (25.112-b06) for bsd-amd64 JRE (1.8.0_112-release-b06), built on Dec  6 2016 12:18:58 by "builder" with gcc 4.2.1 (Based on Apple Inc. build 5658) (LLVM build 2336.11.00)

time: Mon Jun 19 21:27:48 2017
elapsed time: 41 seconds (0d 0h 0m 41s)

